[2023-09-07 01:44:24] Site fora do ar: https://polettofacas.com.br
[2023-09-07 01:44:24] Site fora do ar: https://polettofacasartesanais.com.br
[2023-09-07 01:45:01] Site fora do ar: https://polettofacas.com.br
[2023-09-07 01:45:01] Site fora do ar: https://polettofacasartesanais.com.br
[2023-09-07 01:46:01] Site fora do ar: https://polettofacas.com.br
[2023-09-07 01:46:01] Site fora do ar: https://polettofacasartesanais.com.br
[2023-09-07 01:47:01] Site fora do ar: https://polettofacasartesanais.com.br
[2023-09-07 01:47:01] Site fora do ar: https://polettofacas.com.br
[2023-09-07 01:48:01] Site fora do ar: https://polettofacas.com.br
[2023-09-07 01:48:01] Site fora do ar: https://polettofacasartesanais.com.br
[2023-09-07 01:49:01] Site fora do ar: https://polettofacasartesanais.com.br
[2023-09-07 01:49:01] Site fora do ar: https://polettofacas.com.br
[2023-09-07 10:18:01] Site fora do ar: https://www.portalupnews.com
[2023-09-07 10:18:01] Site fora do ar: https://www.vigracaps.com
[2023-09-07 10:18:01] Site fora do ar: https://www.fireblueup.com
[2023-09-07 10:19:01] Site fora do ar: https://www.fireblueup.com
[2023-09-07 10:19:01] Site fora do ar: https://www.vigracaps.com
[2023-09-07 10:19:01] Site fora do ar: https://www.portalupnews.com
[2023-09-07 10:20:01] Site fora do ar: https://www.portalupnews.com
[2023-09-07 10:20:01] Site fora do ar: https://www.vigracaps.com
[2023-09-07 10:20:01] Site fora do ar: https://www.fireblueup.com
[2023-09-07 10:21:01] Site fora do ar: https://www.vigracaps.com
[2023-09-07 10:21:01] Site fora do ar: https://www.fireblueup.com
[2023-09-07 10:21:01] Site fora do ar: https://www.portalupnews.com
[2023-09-07 10:22:01] Site fora do ar: https://www.vigracaps.com
[2023-09-07 10:22:01] Site fora do ar: https://www.portalupnews.com
[2023-09-07 10:22:01] Site fora do ar: https://www.fireblueup.com
[2023-09-07 10:23:01] Site fora do ar: https://www.portalupnews.com
[2023-09-07 10:23:01] Site fora do ar: https://www.fireblueup.com
[2023-09-07 10:23:01] Site fora do ar: https://www.vigracaps.com
[2023-09-07 10:24:01] Site fora do ar: https://www.fireblueup.com
[2023-09-07 10:24:01] Site fora do ar: https://www.portalupnews.com
[2023-09-07 10:24:01] Site fora do ar: https://www.vigracaps.com
[2023-09-07 10:25:02] Site fora do ar: https://www.portalupnews.com
[2023-09-07 10:25:02] Site fora do ar: https://www.vigracaps.com
[2023-09-07 10:26:01] Site fora do ar: https://www.vigracaps.com
[2023-09-07 10:26:01] Site fora do ar: https://www.portalupnews.com
[2023-09-07 10:27:02] Site fora do ar: https://www.portalupnews.com
[2023-09-07 10:27:02] Site fora do ar: https://www.vigracaps.com
[2023-09-07 10:28:01] Site fora do ar: https://www.portalupnews.com
[2023-09-07 10:28:01] Site fora do ar: https://www.vigracaps.com
[2023-09-07 10:29:01] Site fora do ar: https://www.portalupnews.com
[2023-09-07 10:29:01] Site fora do ar: https://www.vigracaps.com
[2023-09-07 10:30:02] Site fora do ar: https://www.portalupnews.com
[2023-09-07 10:30:02] Site fora do ar: https://www.vigracaps.com
[2023-09-07 10:31:01] Site fora do ar: https://www.vigracaps.com
[2023-09-07 10:31:01] Site fora do ar: https://www.portalupnews.com
[2023-09-07 10:32:02] Site fora do ar: https://www.portalupnews.com
[2023-09-07 10:32:02] Site fora do ar: https://www.vigracaps.com
[2023-09-07 10:33:01] Site fora do ar: https://www.vigracaps.com
[2023-09-07 10:33:01] Site fora do ar: https://www.portalupnews.com
[2023-09-07 10:34:01] Site fora do ar: https://www.portalupnews.com
[2023-09-07 10:35:01] Site fora do ar: https://www.portalupnews.com
[2023-09-07 10:36:01] Site fora do ar: https://www.portalupnews.com
