2023-09-07 19:10:07	SERVER -> CLIENT: 220 v200245.minohost.com.br ESMTP Postfix
2023-09-07 19:10:07	CLIENT -> SERVER: EHLO e8394384c18f
2023-09-07 19:10:07	SERVER -> CLIENT: 250-v200245.minohost.com.br
                   	                  250-PIPELINING
                   	                  250-SIZE 204800000
                   	                  250-ETRN
                   	                  250-AUTH PLAIN LOGIN
                   	                  250-AUTH=PLAIN LOGIN
                   	                  250-ENHANCEDSTATUSCODES
                   	                  250-8BITMIME
                   	                  250-DSN
                   	                  250 CHUNKING
2023-09-07 19:10:07	CLIENT -> SERVER: AUTH LOGIN
2023-09-07 19:10:07	SERVER -> CLIENT: 334 VXNlcm5hbWU6
2023-09-07 19:10:07	CLIENT -> SERVER: [credentials hidden]
2023-09-07 19:10:07	SERVER -> CLIENT: 334 UGFzc3dvcmQ6
2023-09-07 19:10:07	CLIENT -> SERVER: [credentials hidden]
2023-09-07 19:10:07	SERVER -> CLIENT: 235 2.7.0 Authentication successful
2023-09-07 19:10:07	CLIENT -> SERVER: MAIL FROM:<contato@devspark.com.br>
2023-09-07 19:10:07	SERVER -> CLIENT: 250 2.1.0 Ok
2023-09-07 19:10:07	CLIENT -> SERVER: RCPT TO:<jeancarloscharao@gmail.com>
2023-09-07 19:10:07	SERVER -> CLIENT: 250 2.1.5 Ok
2023-09-07 19:10:07	CLIENT -> SERVER: DATA
2023-09-07 19:10:07	SERVER -> CLIENT: 354 End data with <CR><LF>.<CR><LF>
2023-09-07 19:10:07	CLIENT -> SERVER: Date: Thu, 7 Sep 2023 19:10:07 +0000
2023-09-07 19:10:07	CLIENT -> SERVER: To: =?iso-8859-1?Q?Jean_Carlos_Char=C3=A3o_Sabino?= <jeancarloscharao@gmail.com>
2023-09-07 19:10:07	CLIENT -> SERVER: From: Monitor de Sites <contato@devspark.com.br>
2023-09-07 19:10:07	CLIENT -> SERVER: Subject: Sites Fora do Ar
2023-09-07 19:10:07	CLIENT -> SERVER: Message-ID: <ehRJgDqOzZQ6OWHtl6251jDENY4th9LJXEZVX3a3iM@e8394384c18f>
2023-09-07 19:10:07	CLIENT -> SERVER: X-Mailer: PHPMailer 6.8.1 (https://github.com/PHPMailer/PHPMailer)
2023-09-07 19:10:07	CLIENT -> SERVER: MIME-Version: 1.0
2023-09-07 19:10:07	CLIENT -> SERVER: Content-Type: multipart/alternative;
2023-09-07 19:10:07	CLIENT -> SERVER:  boundary="b1=_ehRJgDqOzZQ6OWHtl6251jDENY4th9LJXEZVX3a3iM"
2023-09-07 19:10:07	CLIENT -> SERVER: Content-Transfer-Encoding: 8bit
2023-09-07 19:10:07	CLIENT -> SERVER:
2023-09-07 19:10:07	CLIENT -> SERVER: --b1=_ehRJgDqOzZQ6OWHtl6251jDENY4th9LJXEZVX3a3iM
2023-09-07 19:10:07	CLIENT -> SERVER: Content-Type: text/plain; charset=iso-8859-1
2023-09-07 19:10:07	CLIENT -> SERVER: Content-Transfer-Encoding: 8bit
2023-09-07 19:10:07	CLIENT -> SERVER:
2023-09-07 19:10:07	CLIENT -> SERVER: Os seguintes sites estão fora do ar: https://www.jeancarloscharao.com.br
2023-09-07 19:10:07	CLIENT -> SERVER:
2023-09-07 19:10:07	CLIENT -> SERVER: --b1=_ehRJgDqOzZQ6OWHtl6251jDENY4th9LJXEZVX3a3iM
2023-09-07 19:10:07	CLIENT -> SERVER: Content-Type: text/html; charset=iso-8859-1
2023-09-07 19:10:07	CLIENT -> SERVER: Content-Transfer-Encoding: 8bit
2023-09-07 19:10:07	CLIENT -> SERVER:
2023-09-07 19:10:07	CLIENT -> SERVER: Os seguintes sites estão fora do ar: https://www.jeancarloscharao.com.br
2023-09-07 19:10:07	CLIENT -> SERVER:
2023-09-07 19:10:07	CLIENT -> SERVER:
2023-09-07 19:10:07	CLIENT -> SERVER: --b1=_ehRJgDqOzZQ6OWHtl6251jDENY4th9LJXEZVX3a3iM--
2023-09-07 19:10:07	CLIENT -> SERVER:
2023-09-07 19:10:07	CLIENT -> SERVER: .
2023-09-07 19:10:07	SERVER -> CLIENT: 250 2.0.0 Ok: queued as 83639417E397
2023-09-07 19:10:07	CLIENT -> SERVER: QUIT
2023-09-07 19:10:07	SERVER -> CLIENT: 221 2.0.0 Bye
2023-09-07 19:11:07	SERVER -> CLIENT: 220 v200245.minohost.com.br ESMTP Postfix
2023-09-07 19:11:07	CLIENT -> SERVER: EHLO e8394384c18f
2023-09-07 19:11:07	SERVER -> CLIENT: 250-v200245.minohost.com.br
                   	                  250-PIPELINING
                   	                  250-SIZE 204800000
                   	                  250-ETRN
                   	                  250-AUTH PLAIN LOGIN
                   	                  250-AUTH=PLAIN LOGIN
                   	                  250-ENHANCEDSTATUSCODES
                   	                  250-8BITMIME
                   	                  250-DSN
                   	                  250 CHUNKING
2023-09-07 19:11:07	CLIENT -> SERVER: AUTH LOGIN
2023-09-07 19:11:07	SERVER -> CLIENT: 334 VXNlcm5hbWU6
2023-09-07 19:11:07	CLIENT -> SERVER: [credentials hidden]
2023-09-07 19:11:07	SERVER -> CLIENT: 334 UGFzc3dvcmQ6
2023-09-07 19:11:07	CLIENT -> SERVER: [credentials hidden]
2023-09-07 19:11:07	SERVER -> CLIENT: 235 2.7.0 Authentication successful
2023-09-07 19:11:07	CLIENT -> SERVER: MAIL FROM:<contato@devspark.com.br>
2023-09-07 19:11:07	SERVER -> CLIENT: 250 2.1.0 Ok
2023-09-07 19:11:07	CLIENT -> SERVER: RCPT TO:<jeancarloscharao@gmail.com>
2023-09-07 19:11:07	SERVER -> CLIENT: 250 2.1.5 Ok
2023-09-07 19:11:07	CLIENT -> SERVER: DATA
2023-09-07 19:11:07	SERVER -> CLIENT: 354 End data with <CR><LF>.<CR><LF>
2023-09-07 19:11:07	CLIENT -> SERVER: Date: Thu, 7 Sep 2023 19:11:07 +0000
2023-09-07 19:11:07	CLIENT -> SERVER: To: =?iso-8859-1?Q?Jean_Carlos_Char=C3=A3o_Sabino?= <jeancarloscharao@gmail.com>
2023-09-07 19:11:07	CLIENT -> SERVER: From: Monitor de Sites <contato@devspark.com.br>
2023-09-07 19:11:07	CLIENT -> SERVER: Subject: Sites Fora do Ar
2023-09-07 19:11:07	CLIENT -> SERVER: Message-ID: <1mZsPHNYW97hOx4VCQJqPo4ZcsAA03RR0MK0PBtqUc@e8394384c18f>
2023-09-07 19:11:07	CLIENT -> SERVER: X-Mailer: PHPMailer 6.8.1 (https://github.com/PHPMailer/PHPMailer)
2023-09-07 19:11:07	CLIENT -> SERVER: MIME-Version: 1.0
2023-09-07 19:11:07	CLIENT -> SERVER: Content-Type: multipart/alternative;
2023-09-07 19:11:07	CLIENT -> SERVER:  boundary="b1=_1mZsPHNYW97hOx4VCQJqPo4ZcsAA03RR0MK0PBtqUc"
2023-09-07 19:11:07	CLIENT -> SERVER: Content-Transfer-Encoding: 8bit
2023-09-07 19:11:07	CLIENT -> SERVER:
2023-09-07 19:11:07	CLIENT -> SERVER: --b1=_1mZsPHNYW97hOx4VCQJqPo4ZcsAA03RR0MK0PBtqUc
2023-09-07 19:11:07	CLIENT -> SERVER: Content-Type: text/plain; charset=iso-8859-1
2023-09-07 19:11:07	CLIENT -> SERVER: Content-Transfer-Encoding: 8bit
2023-09-07 19:11:07	CLIENT -> SERVER:
2023-09-07 19:11:07	CLIENT -> SERVER: Os seguintes sites estão fora do ar: https://www.jeancarloscharao.com.br
2023-09-07 19:11:07	CLIENT -> SERVER:
2023-09-07 19:11:07	CLIENT -> SERVER: --b1=_1mZsPHNYW97hOx4VCQJqPo4ZcsAA03RR0MK0PBtqUc
2023-09-07 19:11:07	CLIENT -> SERVER: Content-Type: text/html; charset=iso-8859-1
2023-09-07 19:11:07	CLIENT -> SERVER: Content-Transfer-Encoding: 8bit
2023-09-07 19:11:07	CLIENT -> SERVER:
2023-09-07 19:11:07	CLIENT -> SERVER: Os seguintes sites estão fora do ar: https://www.jeancarloscharao.com.br
2023-09-07 19:11:07	CLIENT -> SERVER:
2023-09-07 19:11:07	CLIENT -> SERVER:
2023-09-07 19:11:07	CLIENT -> SERVER: --b1=_1mZsPHNYW97hOx4VCQJqPo4ZcsAA03RR0MK0PBtqUc--
2023-09-07 19:11:07	CLIENT -> SERVER:
2023-09-07 19:11:07	CLIENT -> SERVER: .
2023-09-07 19:11:07	SERVER -> CLIENT: 250 2.0.0 Ok: queued as 57EFF417E396
2023-09-07 19:11:07	CLIENT -> SERVER: QUIT
2023-09-07 19:11:07	SERVER -> CLIENT: 221 2.0.0 Bye
2023-09-07 19:12:06	SERVER -> CLIENT: 220 v200245.minohost.com.br ESMTP Postfix
2023-09-07 19:12:06	CLIENT -> SERVER: EHLO e8394384c18f
2023-09-07 19:12:06	SERVER -> CLIENT: 250-v200245.minohost.com.br
                   	                  250-PIPELINING
                   	                  250-SIZE 204800000
                   	                  250-ETRN
                   	                  250-AUTH PLAIN LOGIN
                   	                  250-AUTH=PLAIN LOGIN
                   	                  250-ENHANCEDSTATUSCODES
                   	                  250-8BITMIME
                   	                  250-DSN
                   	                  250 CHUNKING
2023-09-07 19:12:06	CLIENT -> SERVER: AUTH LOGIN
2023-09-07 19:12:06	SERVER -> CLIENT: 334 VXNlcm5hbWU6
2023-09-07 19:12:06	CLIENT -> SERVER: [credentials hidden]
2023-09-07 19:12:06	SERVER -> CLIENT: 334 UGFzc3dvcmQ6
2023-09-07 19:12:06	CLIENT -> SERVER: [credentials hidden]
2023-09-07 19:12:07	SERVER -> CLIENT: 235 2.7.0 Authentication successful
2023-09-07 19:12:07	CLIENT -> SERVER: MAIL FROM:<contato@devspark.com.br>
2023-09-07 19:12:07	SERVER -> CLIENT: 250 2.1.0 Ok
2023-09-07 19:12:07	CLIENT -> SERVER: RCPT TO:<jeancarloscharao@gmail.com>
2023-09-07 19:12:07	SERVER -> CLIENT: 250 2.1.5 Ok
2023-09-07 19:12:07	CLIENT -> SERVER: DATA
2023-09-07 19:12:07	SERVER -> CLIENT: 354 End data with <CR><LF>.<CR><LF>
2023-09-07 19:12:07	CLIENT -> SERVER: Date: Thu, 7 Sep 2023 19:12:06 +0000
2023-09-07 19:12:07	CLIENT -> SERVER: To: =?iso-8859-1?Q?Jean_Carlos_Char=C3=A3o_Sabino?= <jeancarloscharao@gmail.com>
2023-09-07 19:12:07	CLIENT -> SERVER: From: Monitor de Sites <contato@devspark.com.br>
2023-09-07 19:12:07	CLIENT -> SERVER: Subject: Sites Fora do Ar
2023-09-07 19:12:07	CLIENT -> SERVER: Message-ID: <42kIcSv2S9cpyD0hAwvXNWdYphwFkyDFw8EnBOmct4@e8394384c18f>
2023-09-07 19:12:07	CLIENT -> SERVER: X-Mailer: PHPMailer 6.8.1 (https://github.com/PHPMailer/PHPMailer)
2023-09-07 19:12:07	CLIENT -> SERVER: MIME-Version: 1.0
2023-09-07 19:12:07	CLIENT -> SERVER: Content-Type: multipart/alternative;
2023-09-07 19:12:07	CLIENT -> SERVER:  boundary="b1=_42kIcSv2S9cpyD0hAwvXNWdYphwFkyDFw8EnBOmct4"
2023-09-07 19:12:07	CLIENT -> SERVER: Content-Transfer-Encoding: 8bit
2023-09-07 19:12:07	CLIENT -> SERVER:
2023-09-07 19:12:07	CLIENT -> SERVER: --b1=_42kIcSv2S9cpyD0hAwvXNWdYphwFkyDFw8EnBOmct4
2023-09-07 19:12:07	CLIENT -> SERVER: Content-Type: text/plain; charset=iso-8859-1
2023-09-07 19:12:07	CLIENT -> SERVER: Content-Transfer-Encoding: 8bit
2023-09-07 19:12:07	CLIENT -> SERVER:
2023-09-07 19:12:07	CLIENT -> SERVER: Os seguintes sites estão fora do ar: https://www.jeancarloscharao.com.br
2023-09-07 19:12:07	CLIENT -> SERVER:
2023-09-07 19:12:07	CLIENT -> SERVER: --b1=_42kIcSv2S9cpyD0hAwvXNWdYphwFkyDFw8EnBOmct4
2023-09-07 19:12:07	CLIENT -> SERVER: Content-Type: text/html; charset=iso-8859-1
2023-09-07 19:12:07	CLIENT -> SERVER: Content-Transfer-Encoding: 8bit
2023-09-07 19:12:07	CLIENT -> SERVER:
2023-09-07 19:12:07	CLIENT -> SERVER: Os seguintes sites estão fora do ar: https://www.jeancarloscharao.com.br
2023-09-07 19:12:07	CLIENT -> SERVER:
2023-09-07 19:12:07	CLIENT -> SERVER:
2023-09-07 19:12:07	CLIENT -> SERVER: --b1=_42kIcSv2S9cpyD0hAwvXNWdYphwFkyDFw8EnBOmct4--
2023-09-07 19:12:07	CLIENT -> SERVER:
2023-09-07 19:12:07	CLIENT -> SERVER: .
2023-09-07 19:12:07	SERVER -> CLIENT: 250 2.0.0 Ok: queued as 0CD7A417E397
2023-09-07 19:12:07	CLIENT -> SERVER: QUIT
2023-09-07 19:12:07	SERVER -> CLIENT: 221 2.0.0 Bye
