[06-Sep-2023 22:27:14 UTC] Connection: opening to ssl://mail.devspark.com.br:465, timeout=300, options=array()
[06-Sep-2023 22:27:15 UTC] Connection: opened
[06-Sep-2023 22:27:15 UTC] SMTP INBOUND: "220 v200245.minohost.com.br ESMTP Postfix"
[06-Sep-2023 22:27:15 UTC] SERVER -> CLIENT: 220 v200245.minohost.com.br ESMTP Postfix

[06-Sep-2023 22:27:15 UTC] CLIENT -> SERVER: EHLO 90a36bbc452a

[06-Sep-2023 22:27:15 UTC] SMTP INBOUND: "250-v200245.minohost.com.br"
[06-Sep-2023 22:27:15 UTC] SMTP INBOUND: "250-PIPELINING"
[06-Sep-2023 22:27:15 UTC] SMTP INBOUND: "250-SIZE 204800000"
[06-Sep-2023 22:27:15 UTC] SMTP INBOUND: "250-ETRN"
[06-Sep-2023 22:27:15 UTC] SMTP INBOUND: "250-AUTH PLAIN LOGIN"
[06-Sep-2023 22:27:15 UTC] SMTP INBOUND: "250-AUTH=PLAIN LOGIN"
[06-Sep-2023 22:27:15 UTC] SMTP INBOUND: "250-ENHANCEDSTATUSCODES"
[06-Sep-2023 22:27:15 UTC] SMTP INBOUND: "250-8BITMIME"
[06-Sep-2023 22:27:15 UTC] SMTP INBOUND: "250-DSN"
[06-Sep-2023 22:27:15 UTC] SMTP INBOUND: "250 CHUNKING"
[06-Sep-2023 22:27:15 UTC] SERVER -> CLIENT: 250-v200245.minohost.com.br
250-PIPELINING
250-SIZE 204800000
250-ETRN
250-AUTH PLAIN LOGIN
250-AUTH=PLAIN LOGIN
250-ENHANCEDSTATUSCODES
250-8BITMIME
250-DSN
250 CHUNKING

[06-Sep-2023 22:27:15 UTC] Auth method requested: UNSPECIFIED
[06-Sep-2023 22:27:15 UTC] Auth methods available on the server: PLAIN,LOGIN
[06-Sep-2023 22:27:15 UTC] Requested auth method not available: 
[06-Sep-2023 22:27:15 UTC] Auth method selected: LOGIN
[06-Sep-2023 22:27:15 UTC] CLIENT -> SERVER: AUTH LOGIN

[06-Sep-2023 22:27:15 UTC] SMTP INBOUND: "334 VXNlcm5hbWU6"
[06-Sep-2023 22:27:15 UTC] SERVER -> CLIENT: 334 VXNlcm5hbWU6

[06-Sep-2023 22:27:15 UTC] CLIENT -> SERVER: Y29udGF0b0BkZXZzcGFyay5jb20uYnI=

[06-Sep-2023 22:27:15 UTC] SMTP INBOUND: "334 UGFzc3dvcmQ6"
[06-Sep-2023 22:27:15 UTC] SERVER -> CLIENT: 334 UGFzc3dvcmQ6

[06-Sep-2023 22:27:15 UTC] CLIENT -> SERVER: MWlHY2RVWEYxUllE

[06-Sep-2023 22:27:15 UTC] SMTP INBOUND: "235 2.7.0 Authentication successful"
[06-Sep-2023 22:27:15 UTC] SERVER -> CLIENT: 235 2.7.0 Authentication successful

[06-Sep-2023 22:27:15 UTC] CLIENT -> SERVER: MAIL FROM:<contato@devspark.com.br>

[06-Sep-2023 22:27:15 UTC] SMTP INBOUND: "250 2.1.0 Ok"
[06-Sep-2023 22:27:15 UTC] SERVER -> CLIENT: 250 2.1.0 Ok

[06-Sep-2023 22:27:15 UTC] CLIENT -> SERVER: RCPT TO:<jeancarloscharao@gmail.com>

[06-Sep-2023 22:27:15 UTC] SMTP INBOUND: "250 2.1.5 Ok"
[06-Sep-2023 22:27:15 UTC] SERVER -> CLIENT: 250 2.1.5 Ok

[06-Sep-2023 22:27:15 UTC] CLIENT -> SERVER: DATA

[06-Sep-2023 22:27:15 UTC] SMTP INBOUND: "354 End data with <CR><LF>.<CR><LF>"
[06-Sep-2023 22:27:15 UTC] SERVER -> CLIENT: 354 End data with <CR><LF>.<CR><LF>

[06-Sep-2023 22:27:15 UTC] CLIENT -> SERVER: Date: Wed, 6 Sep 2023 22:27:14 +0000

[06-Sep-2023 22:27:15 UTC] CLIENT -> SERVER: To: =?iso-8859-1?Q?Jean_Carlos_Char=C3=A3o_Sabino?= <jeancarloscharao@gmail.com>

[06-Sep-2023 22:27:15 UTC] CLIENT -> SERVER: From: Monitor de Sites <contato@devspark.com.br>

[06-Sep-2023 22:27:15 UTC] CLIENT -> SERVER: Subject: Sites Fora do Ar

[06-Sep-2023 22:27:15 UTC] CLIENT -> SERVER: Message-ID: <LxK4UlP9UZid2BnF2pp5FpQCC0o9ftxAa6gMzVRn95Q@90a36bbc452a>

[06-Sep-2023 22:27:15 UTC] CLIENT -> SERVER: X-Mailer: PHPMailer 6.8.1 (https://github.com/PHPMailer/PHPMailer)

[06-Sep-2023 22:27:15 UTC] CLIENT -> SERVER: MIME-Version: 1.0

[06-Sep-2023 22:27:15 UTC] CLIENT -> SERVER: Content-Type: multipart/alternative;

[06-Sep-2023 22:27:15 UTC] CLIENT -> SERVER:  boundary="b1=_LxK4UlP9UZid2BnF2pp5FpQCC0o9ftxAa6gMzVRn95Q"

[06-Sep-2023 22:27:15 UTC] CLIENT -> SERVER: Content-Transfer-Encoding: 8bit

[06-Sep-2023 22:27:15 UTC] CLIENT -> SERVER: 

[06-Sep-2023 22:27:15 UTC] CLIENT -> SERVER: --b1=_LxK4UlP9UZid2BnF2pp5FpQCC0o9ftxAa6gMzVRn95Q

[06-Sep-2023 22:27:15 UTC] CLIENT -> SERVER: Content-Type: text/plain; charset=iso-8859-1

[06-Sep-2023 22:27:15 UTC] CLIENT -> SERVER: Content-Transfer-Encoding: 8bit

[06-Sep-2023 22:27:15 UTC] CLIENT -> SERVER: 

[06-Sep-2023 22:27:15 UTC] CLIENT -> SERVER: Os seguintes sites estão fora do ar: Site 3

[06-Sep-2023 22:27:15 UTC] CLIENT -> SERVER: 

[06-Sep-2023 22:27:15 UTC] CLIENT -> SERVER: --b1=_LxK4UlP9UZid2BnF2pp5FpQCC0o9ftxAa6gMzVRn95Q

[06-Sep-2023 22:27:15 UTC] CLIENT -> SERVER: Content-Type: text/html; charset=iso-8859-1

[06-Sep-2023 22:27:15 UTC] CLIENT -> SERVER: Content-Transfer-Encoding: 8bit

[06-Sep-2023 22:27:15 UTC] CLIENT -> SERVER: 

[06-Sep-2023 22:27:15 UTC] CLIENT -> SERVER: Os seguintes sites estão fora do ar: Site 3

[06-Sep-2023 22:27:15 UTC] CLIENT -> SERVER: 

[06-Sep-2023 22:27:15 UTC] CLIENT -> SERVER: 

[06-Sep-2023 22:27:15 UTC] CLIENT -> SERVER: --b1=_LxK4UlP9UZid2BnF2pp5FpQCC0o9ftxAa6gMzVRn95Q--

[06-Sep-2023 22:27:15 UTC] CLIENT -> SERVER: 

[06-Sep-2023 22:27:15 UTC] CLIENT -> SERVER: .

[06-Sep-2023 22:27:15 UTC] SMTP INBOUND: "250 2.0.0 Ok: queued as C0F7B41234B8"
[06-Sep-2023 22:27:15 UTC] SERVER -> CLIENT: 250 2.0.0 Ok: queued as C0F7B41234B8

[06-Sep-2023 22:27:15 UTC] CLIENT -> SERVER: QUIT

[06-Sep-2023 22:27:15 UTC] SMTP INBOUND: "221 2.0.0 Bye"
[06-Sep-2023 22:27:15 UTC] SERVER -> CLIENT: 221 2.0.0 Bye

[06-Sep-2023 22:27:15 UTC] Connection: closed
[06-Sep-2023 22:30:38 UTC] SERVER -> CLIENT: 220 v200245.minohost.com.br ESMTP Postfix

[06-Sep-2023 22:30:38 UTC] CLIENT -> SERVER: EHLO 90a36bbc452a

[06-Sep-2023 22:30:38 UTC] SERVER -> CLIENT: 250-v200245.minohost.com.br
250-PIPELINING
250-SIZE 204800000
250-ETRN
250-AUTH PLAIN LOGIN
250-AUTH=PLAIN LOGIN
250-ENHANCEDSTATUSCODES
250-8BITMIME
250-DSN
250 CHUNKING

[06-Sep-2023 22:30:38 UTC] CLIENT -> SERVER: AUTH LOGIN

[06-Sep-2023 22:30:38 UTC] SERVER -> CLIENT: 334 VXNlcm5hbWU6

[06-Sep-2023 22:30:38 UTC] CLIENT -> SERVER: [credentials hidden]
[06-Sep-2023 22:30:38 UTC] SERVER -> CLIENT: 334 UGFzc3dvcmQ6

[06-Sep-2023 22:30:38 UTC] CLIENT -> SERVER: [credentials hidden]
[06-Sep-2023 22:30:38 UTC] SERVER -> CLIENT: 235 2.7.0 Authentication successful

[06-Sep-2023 22:30:38 UTC] CLIENT -> SERVER: MAIL FROM:<contato@devspark.com.br>

[06-Sep-2023 22:30:38 UTC] SERVER -> CLIENT: 250 2.1.0 Ok

[06-Sep-2023 22:30:38 UTC] CLIENT -> SERVER: RCPT TO:<jeancarloscharao@gmail.com>

[06-Sep-2023 22:30:38 UTC] SERVER -> CLIENT: 250 2.1.5 Ok

[06-Sep-2023 22:30:38 UTC] CLIENT -> SERVER: DATA

[06-Sep-2023 22:30:38 UTC] SERVER -> CLIENT: 354 End data with <CR><LF>.<CR><LF>

[06-Sep-2023 22:30:38 UTC] CLIENT -> SERVER: Date: Wed, 6 Sep 2023 22:30:37 +0000

[06-Sep-2023 22:30:38 UTC] CLIENT -> SERVER: To: =?iso-8859-1?Q?Jean_Carlos_Char=C3=A3o_Sabino?= <jeancarloscharao@gmail.com>

[06-Sep-2023 22:30:38 UTC] CLIENT -> SERVER: From: Monitor de Sites <contato@devspark.com.br>

[06-Sep-2023 22:30:38 UTC] CLIENT -> SERVER: Subject: Sites Fora do Ar

[06-Sep-2023 22:30:38 UTC] CLIENT -> SERVER: Message-ID: <BtnVx5DGkZAvcRSir2jLYXHErQMUv8B1Z4lvr7dEKQ@90a36bbc452a>

[06-Sep-2023 22:30:38 UTC] CLIENT -> SERVER: X-Mailer: PHPMailer 6.8.1 (https://github.com/PHPMailer/PHPMailer)

[06-Sep-2023 22:30:38 UTC] CLIENT -> SERVER: MIME-Version: 1.0

[06-Sep-2023 22:30:38 UTC] CLIENT -> SERVER: Content-Type: multipart/alternative;

[06-Sep-2023 22:30:38 UTC] CLIENT -> SERVER:  boundary="b1=_BtnVx5DGkZAvcRSir2jLYXHErQMUv8B1Z4lvr7dEKQ"

[06-Sep-2023 22:30:38 UTC] CLIENT -> SERVER: Content-Transfer-Encoding: 8bit

[06-Sep-2023 22:30:38 UTC] CLIENT -> SERVER: 

[06-Sep-2023 22:30:38 UTC] CLIENT -> SERVER: --b1=_BtnVx5DGkZAvcRSir2jLYXHErQMUv8B1Z4lvr7dEKQ

[06-Sep-2023 22:30:38 UTC] CLIENT -> SERVER: Content-Type: text/plain; charset=iso-8859-1

[06-Sep-2023 22:30:38 UTC] CLIENT -> SERVER: Content-Transfer-Encoding: 8bit

[06-Sep-2023 22:30:38 UTC] CLIENT -> SERVER: 

[06-Sep-2023 22:30:38 UTC] CLIENT -> SERVER: Os seguintes sites estão fora do ar: Site 3

[06-Sep-2023 22:30:38 UTC] CLIENT -> SERVER: 

[06-Sep-2023 22:30:38 UTC] CLIENT -> SERVER: --b1=_BtnVx5DGkZAvcRSir2jLYXHErQMUv8B1Z4lvr7dEKQ

[06-Sep-2023 22:30:38 UTC] CLIENT -> SERVER: Content-Type: text/html; charset=iso-8859-1

[06-Sep-2023 22:30:38 UTC] CLIENT -> SERVER: Content-Transfer-Encoding: 8bit

[06-Sep-2023 22:30:38 UTC] CLIENT -> SERVER: 

[06-Sep-2023 22:30:38 UTC] CLIENT -> SERVER: Os seguintes sites estão fora do ar: Site 3

[06-Sep-2023 22:30:38 UTC] CLIENT -> SERVER: 

[06-Sep-2023 22:30:38 UTC] CLIENT -> SERVER: 

[06-Sep-2023 22:30:38 UTC] CLIENT -> SERVER: --b1=_BtnVx5DGkZAvcRSir2jLYXHErQMUv8B1Z4lvr7dEKQ--

[06-Sep-2023 22:30:38 UTC] CLIENT -> SERVER: 

[06-Sep-2023 22:30:38 UTC] CLIENT -> SERVER: .

[06-Sep-2023 22:30:38 UTC] SERVER -> CLIENT: 250 2.0.0 Ok: queued as AEA2841234B8

[06-Sep-2023 22:30:38 UTC] CLIENT -> SERVER: QUIT

[06-Sep-2023 22:30:38 UTC] SERVER -> CLIENT: 221 2.0.0 Bye

[06-Sep-2023 22:32:40 UTC] SERVER -> CLIENT: 220 v200245.minohost.com.br ESMTP Postfix

[06-Sep-2023 22:32:40 UTC] CLIENT -> SERVER: EHLO 90a36bbc452a

[06-Sep-2023 22:32:40 UTC] SERVER -> CLIENT: 250-v200245.minohost.com.br
250-PIPELINING
250-SIZE 204800000
250-ETRN
250-AUTH PLAIN LOGIN
250-AUTH=PLAIN LOGIN
250-ENHANCEDSTATUSCODES
250-8BITMIME
250-DSN
250 CHUNKING

[06-Sep-2023 22:32:40 UTC] CLIENT -> SERVER: AUTH LOGIN

[06-Sep-2023 22:32:40 UTC] SERVER -> CLIENT: 334 VXNlcm5hbWU6

[06-Sep-2023 22:32:40 UTC] CLIENT -> SERVER: [credentials hidden]
[06-Sep-2023 22:32:40 UTC] SERVER -> CLIENT: 334 UGFzc3dvcmQ6

[06-Sep-2023 22:32:40 UTC] CLIENT -> SERVER: [credentials hidden]
[06-Sep-2023 22:32:40 UTC] SERVER -> CLIENT: 235 2.7.0 Authentication successful

[06-Sep-2023 22:32:40 UTC] CLIENT -> SERVER: MAIL FROM:<contato@devspark.com.br>

[06-Sep-2023 22:32:41 UTC] SERVER -> CLIENT: 250 2.1.0 Ok

[06-Sep-2023 22:32:41 UTC] CLIENT -> SERVER: RCPT TO:<jeancarloscharao@gmail.com>

[06-Sep-2023 22:32:41 UTC] SERVER -> CLIENT: 250 2.1.5 Ok

[06-Sep-2023 22:32:41 UTC] CLIENT -> SERVER: DATA

[06-Sep-2023 22:32:41 UTC] SERVER -> CLIENT: 354 End data with <CR><LF>.<CR><LF>

[06-Sep-2023 22:32:41 UTC] CLIENT -> SERVER: Date: Wed, 6 Sep 2023 22:32:40 +0000

[06-Sep-2023 22:32:41 UTC] CLIENT -> SERVER: To: =?iso-8859-1?Q?Jean_Carlos_Char=C3=A3o_Sabino?= <jeancarloscharao@gmail.com>

[06-Sep-2023 22:32:41 UTC] CLIENT -> SERVER: From: Monitor de Sites <contato@devspark.com.br>

[06-Sep-2023 22:32:41 UTC] CLIENT -> SERVER: Subject: Sites Fora do Ar

[06-Sep-2023 22:32:41 UTC] CLIENT -> SERVER: Message-ID: <8Ly76ZcBRCBjWmVq9yGPGwHtG5t1VdoDoO3RAS5J8@90a36bbc452a>

[06-Sep-2023 22:32:41 UTC] CLIENT -> SERVER: X-Mailer: PHPMailer 6.8.1 (https://github.com/PHPMailer/PHPMailer)

[06-Sep-2023 22:32:41 UTC] CLIENT -> SERVER: MIME-Version: 1.0

[06-Sep-2023 22:32:41 UTC] CLIENT -> SERVER: Content-Type: multipart/alternative;

[06-Sep-2023 22:32:41 UTC] CLIENT -> SERVER:  boundary="b1=_8Ly76ZcBRCBjWmVq9yGPGwHtG5t1VdoDoO3RAS5J8"

[06-Sep-2023 22:32:41 UTC] CLIENT -> SERVER: Content-Transfer-Encoding: 8bit

[06-Sep-2023 22:32:41 UTC] CLIENT -> SERVER: 

[06-Sep-2023 22:32:41 UTC] CLIENT -> SERVER: --b1=_8Ly76ZcBRCBjWmVq9yGPGwHtG5t1VdoDoO3RAS5J8

[06-Sep-2023 22:32:41 UTC] CLIENT -> SERVER: Content-Type: text/plain; charset=iso-8859-1

[06-Sep-2023 22:32:41 UTC] CLIENT -> SERVER: Content-Transfer-Encoding: 8bit

[06-Sep-2023 22:32:41 UTC] CLIENT -> SERVER: 

[06-Sep-2023 22:32:41 UTC] CLIENT -> SERVER: Os seguintes sites estão fora do ar: https://polettofacas.com.br

[06-Sep-2023 22:32:41 UTC] CLIENT -> SERVER: 

[06-Sep-2023 22:32:41 UTC] CLIENT -> SERVER: --b1=_8Ly76ZcBRCBjWmVq9yGPGwHtG5t1VdoDoO3RAS5J8

[06-Sep-2023 22:32:41 UTC] CLIENT -> SERVER: Content-Type: text/html; charset=iso-8859-1

[06-Sep-2023 22:32:41 UTC] CLIENT -> SERVER: Content-Transfer-Encoding: 8bit

[06-Sep-2023 22:32:41 UTC] CLIENT -> SERVER: 

[06-Sep-2023 22:32:41 UTC] CLIENT -> SERVER: Os seguintes sites estão fora do ar: https://polettofacas.com.br

[06-Sep-2023 22:32:41 UTC] CLIENT -> SERVER: 

[06-Sep-2023 22:32:41 UTC] CLIENT -> SERVER: 

[06-Sep-2023 22:32:41 UTC] CLIENT -> SERVER: --b1=_8Ly76ZcBRCBjWmVq9yGPGwHtG5t1VdoDoO3RAS5J8--

[06-Sep-2023 22:32:41 UTC] CLIENT -> SERVER: 

[06-Sep-2023 22:32:41 UTC] CLIENT -> SERVER: .

[06-Sep-2023 22:32:41 UTC] SERVER -> CLIENT: 250 2.0.0 Ok: queued as 2C19841234B8

[06-Sep-2023 22:32:41 UTC] CLIENT -> SERVER: QUIT

[06-Sep-2023 22:32:41 UTC] SERVER -> CLIENT: 221 2.0.0 Bye

[06-Sep-2023 23:14:16 UTC] SERVER -> CLIENT: 220 v200245.minohost.com.br ESMTP Postfix

[06-Sep-2023 23:14:16 UTC] CLIENT -> SERVER: EHLO d66c734cefc5

[06-Sep-2023 23:14:16 UTC] SERVER -> CLIENT: 250-v200245.minohost.com.br
250-PIPELINING
250-SIZE 204800000
250-ETRN
250-AUTH PLAIN LOGIN
250-AUTH=PLAIN LOGIN
250-ENHANCEDSTATUSCODES
250-8BITMIME
250-DSN
250 CHUNKING

[06-Sep-2023 23:14:16 UTC] CLIENT -> SERVER: AUTH LOGIN

[06-Sep-2023 23:14:16 UTC] SERVER -> CLIENT: 334 VXNlcm5hbWU6

[06-Sep-2023 23:14:16 UTC] CLIENT -> SERVER: [credentials hidden]
[06-Sep-2023 23:14:16 UTC] SERVER -> CLIENT: 334 UGFzc3dvcmQ6

[06-Sep-2023 23:14:16 UTC] CLIENT -> SERVER: [credentials hidden]
[06-Sep-2023 23:14:17 UTC] SERVER -> CLIENT: 235 2.7.0 Authentication successful

[06-Sep-2023 23:14:17 UTC] CLIENT -> SERVER: MAIL FROM:<contato@devspark.com.br>

[06-Sep-2023 23:14:17 UTC] SERVER -> CLIENT: 250 2.1.0 Ok

[06-Sep-2023 23:14:17 UTC] CLIENT -> SERVER: RCPT TO:<jeancarloscharao@gmail.com>

[06-Sep-2023 23:14:17 UTC] SERVER -> CLIENT: 250 2.1.5 Ok

[06-Sep-2023 23:14:17 UTC] CLIENT -> SERVER: DATA

[06-Sep-2023 23:14:17 UTC] SERVER -> CLIENT: 354 End data with <CR><LF>.<CR><LF>

[06-Sep-2023 23:14:17 UTC] CLIENT -> SERVER: Date: Wed, 6 Sep 2023 23:14:16 +0000

[06-Sep-2023 23:14:17 UTC] CLIENT -> SERVER: To: =?iso-8859-1?Q?Jean_Carlos_Char=C3=A3o_Sabino?= <jeancarloscharao@gmail.com>

[06-Sep-2023 23:14:17 UTC] CLIENT -> SERVER: From: Monitor de Sites <contato@devspark.com.br>

[06-Sep-2023 23:14:17 UTC] CLIENT -> SERVER: Subject: Sites Fora do Ar

[06-Sep-2023 23:14:17 UTC] CLIENT -> SERVER: Message-ID: <RGQP7wW2J0isB4xw7G6E4RiEQ8V73xb2zIX7BIC4Y@d66c734cefc5>

[06-Sep-2023 23:14:17 UTC] CLIENT -> SERVER: X-Mailer: PHPMailer 6.8.1 (https://github.com/PHPMailer/PHPMailer)

[06-Sep-2023 23:14:17 UTC] CLIENT -> SERVER: MIME-Version: 1.0

[06-Sep-2023 23:14:17 UTC] CLIENT -> SERVER: Content-Type: multipart/alternative;

[06-Sep-2023 23:14:17 UTC] CLIENT -> SERVER:  boundary="b1=_RGQP7wW2J0isB4xw7G6E4RiEQ8V73xb2zIX7BIC4Y"

[06-Sep-2023 23:14:17 UTC] CLIENT -> SERVER: Content-Transfer-Encoding: 8bit

[06-Sep-2023 23:14:17 UTC] CLIENT -> SERVER: 

[06-Sep-2023 23:14:17 UTC] CLIENT -> SERVER: --b1=_RGQP7wW2J0isB4xw7G6E4RiEQ8V73xb2zIX7BIC4Y

[06-Sep-2023 23:14:17 UTC] CLIENT -> SERVER: Content-Type: text/plain; charset=iso-8859-1

[06-Sep-2023 23:14:17 UTC] CLIENT -> SERVER: Content-Transfer-Encoding: 8bit

[06-Sep-2023 23:14:17 UTC] CLIENT -> SERVER: 

[06-Sep-2023 23:14:17 UTC] CLIENT -> SERVER: Os seguintes sites estão fora do ar: https://polettofacas.com.br

[06-Sep-2023 23:14:17 UTC] CLIENT -> SERVER: 

[06-Sep-2023 23:14:17 UTC] CLIENT -> SERVER: --b1=_RGQP7wW2J0isB4xw7G6E4RiEQ8V73xb2zIX7BIC4Y

[06-Sep-2023 23:14:17 UTC] CLIENT -> SERVER: Content-Type: text/html; charset=iso-8859-1

[06-Sep-2023 23:14:17 UTC] CLIENT -> SERVER: Content-Transfer-Encoding: 8bit

[06-Sep-2023 23:14:17 UTC] CLIENT -> SERVER: 

[06-Sep-2023 23:14:17 UTC] CLIENT -> SERVER: Os seguintes sites estão fora do ar: https://polettofacas.com.br

[06-Sep-2023 23:14:17 UTC] CLIENT -> SERVER: 

[06-Sep-2023 23:14:17 UTC] CLIENT -> SERVER: 

[06-Sep-2023 23:14:17 UTC] CLIENT -> SERVER: --b1=_RGQP7wW2J0isB4xw7G6E4RiEQ8V73xb2zIX7BIC4Y--

[06-Sep-2023 23:14:17 UTC] CLIENT -> SERVER: 

[06-Sep-2023 23:14:17 UTC] CLIENT -> SERVER: .

[06-Sep-2023 23:14:17 UTC] SERVER -> CLIENT: 250 2.0.0 Ok: queued as 3000B41234B8

[06-Sep-2023 23:14:17 UTC] CLIENT -> SERVER: QUIT

[06-Sep-2023 23:14:17 UTC] SERVER -> CLIENT: 221 2.0.0 Bye

[06-Sep-2023 23:35:12 UTC] SERVER -> CLIENT: 220 v200245.minohost.com.br ESMTP Postfix

[06-Sep-2023 23:35:12 UTC] CLIENT -> SERVER: EHLO a2fef2d3cbf6

[06-Sep-2023 23:35:12 UTC] SERVER -> CLIENT: 250-v200245.minohost.com.br
250-PIPELINING
250-SIZE 204800000
250-ETRN
250-AUTH PLAIN LOGIN
250-AUTH=PLAIN LOGIN
250-ENHANCEDSTATUSCODES
250-8BITMIME
250-DSN
250 CHUNKING

[06-Sep-2023 23:35:12 UTC] CLIENT -> SERVER: AUTH LOGIN

[06-Sep-2023 23:35:12 UTC] SERVER -> CLIENT: 334 VXNlcm5hbWU6

[06-Sep-2023 23:35:12 UTC] CLIENT -> SERVER: [credentials hidden]
[06-Sep-2023 23:35:12 UTC] SERVER -> CLIENT: 334 UGFzc3dvcmQ6

[06-Sep-2023 23:35:12 UTC] CLIENT -> SERVER: [credentials hidden]
[06-Sep-2023 23:35:12 UTC] SERVER -> CLIENT: 235 2.7.0 Authentication successful

[06-Sep-2023 23:35:12 UTC] CLIENT -> SERVER: MAIL FROM:<contato@devspark.com.br>

[06-Sep-2023 23:35:12 UTC] SERVER -> CLIENT: 250 2.1.0 Ok

[06-Sep-2023 23:35:12 UTC] CLIENT -> SERVER: RCPT TO:<jeancarloscharao@gmail.com>

[06-Sep-2023 23:35:12 UTC] SERVER -> CLIENT: 250 2.1.5 Ok

[06-Sep-2023 23:35:12 UTC] CLIENT -> SERVER: DATA

[06-Sep-2023 23:35:12 UTC] SERVER -> CLIENT: 354 End data with <CR><LF>.<CR><LF>

[06-Sep-2023 23:35:12 UTC] CLIENT -> SERVER: Date: Wed, 6 Sep 2023 23:35:11 +0000

[06-Sep-2023 23:35:12 UTC] CLIENT -> SERVER: To: =?iso-8859-1?Q?Jean_Carlos_Char=C3=A3o_Sabino?= <jeancarloscharao@gmail.com>

[06-Sep-2023 23:35:12 UTC] CLIENT -> SERVER: From: Monitor de Sites <contato@devspark.com.br>

[06-Sep-2023 23:35:12 UTC] CLIENT -> SERVER: Subject: Sites Fora do Ar

[06-Sep-2023 23:35:12 UTC] CLIENT -> SERVER: Message-ID: <XZ2lEWwPAeDZOPo44uhR3v7NhJANMb2zTEozB3to@a2fef2d3cbf6>

[06-Sep-2023 23:35:12 UTC] CLIENT -> SERVER: X-Mailer: PHPMailer 6.8.1 (https://github.com/PHPMailer/PHPMailer)

[06-Sep-2023 23:35:12 UTC] CLIENT -> SERVER: MIME-Version: 1.0

[06-Sep-2023 23:35:12 UTC] CLIENT -> SERVER: Content-Type: multipart/alternative;

[06-Sep-2023 23:35:12 UTC] CLIENT -> SERVER:  boundary="b1=_XZ2lEWwPAeDZOPo44uhR3v7NhJANMb2zTEozB3to"

[06-Sep-2023 23:35:12 UTC] CLIENT -> SERVER: Content-Transfer-Encoding: 8bit

[06-Sep-2023 23:35:12 UTC] CLIENT -> SERVER: 

[06-Sep-2023 23:35:12 UTC] CLIENT -> SERVER: --b1=_XZ2lEWwPAeDZOPo44uhR3v7NhJANMb2zTEozB3to

[06-Sep-2023 23:35:12 UTC] CLIENT -> SERVER: Content-Type: text/plain; charset=iso-8859-1

[06-Sep-2023 23:35:12 UTC] CLIENT -> SERVER: Content-Transfer-Encoding: 8bit

[06-Sep-2023 23:35:12 UTC] CLIENT -> SERVER: 

[06-Sep-2023 23:35:12 UTC] CLIENT -> SERVER: Os seguintes sites estão fora do ar: https://polettofacas.com.br

[06-Sep-2023 23:35:12 UTC] CLIENT -> SERVER: 

[06-Sep-2023 23:35:12 UTC] CLIENT -> SERVER: --b1=_XZ2lEWwPAeDZOPo44uhR3v7NhJANMb2zTEozB3to

[06-Sep-2023 23:35:12 UTC] CLIENT -> SERVER: Content-Type: text/html; charset=iso-8859-1

[06-Sep-2023 23:35:12 UTC] CLIENT -> SERVER: Content-Transfer-Encoding: 8bit

[06-Sep-2023 23:35:12 UTC] CLIENT -> SERVER: 

[06-Sep-2023 23:35:12 UTC] CLIENT -> SERVER: Os seguintes sites estão fora do ar: https://polettofacas.com.br

[06-Sep-2023 23:35:12 UTC] CLIENT -> SERVER: 

[06-Sep-2023 23:35:12 UTC] CLIENT -> SERVER: 

[06-Sep-2023 23:35:12 UTC] CLIENT -> SERVER: --b1=_XZ2lEWwPAeDZOPo44uhR3v7NhJANMb2zTEozB3to--

[06-Sep-2023 23:35:12 UTC] CLIENT -> SERVER: 

[06-Sep-2023 23:35:12 UTC] CLIENT -> SERVER: .

[06-Sep-2023 23:35:12 UTC] SERVER -> CLIENT: 250 2.0.0 Ok: queued as 9EE4F41234B3

[06-Sep-2023 23:35:12 UTC] CLIENT -> SERVER: QUIT

[06-Sep-2023 23:35:12 UTC] SERVER -> CLIENT: 221 2.0.0 Bye

[06-Sep-2023 23:45:00 UTC] SERVER -> CLIENT: 220 v200245.minohost.com.br ESMTP Postfix

[06-Sep-2023 23:45:00 UTC] CLIENT -> SERVER: EHLO 28e3027285cb

[06-Sep-2023 23:45:00 UTC] SERVER -> CLIENT: 250-v200245.minohost.com.br
250-PIPELINING
250-SIZE 204800000
250-ETRN
250-AUTH PLAIN LOGIN
250-AUTH=PLAIN LOGIN
250-ENHANCEDSTATUSCODES
250-8BITMIME
250-DSN
250 CHUNKING

[06-Sep-2023 23:45:00 UTC] CLIENT -> SERVER: AUTH LOGIN

[06-Sep-2023 23:45:01 UTC] SERVER -> CLIENT: 334 VXNlcm5hbWU6

[06-Sep-2023 23:45:01 UTC] CLIENT -> SERVER: [credentials hidden]
[06-Sep-2023 23:45:01 UTC] SERVER -> CLIENT: 334 UGFzc3dvcmQ6

[06-Sep-2023 23:45:01 UTC] CLIENT -> SERVER: [credentials hidden]
[06-Sep-2023 23:45:01 UTC] SERVER -> CLIENT: 235 2.7.0 Authentication successful

[06-Sep-2023 23:45:01 UTC] CLIENT -> SERVER: MAIL FROM:<contato@devspark.com.br>

[06-Sep-2023 23:45:01 UTC] SERVER -> CLIENT: 250 2.1.0 Ok

[06-Sep-2023 23:45:01 UTC] CLIENT -> SERVER: RCPT TO:<jeancarloscharao@gmail.com>

[06-Sep-2023 23:45:01 UTC] SERVER -> CLIENT: 250 2.1.5 Ok

[06-Sep-2023 23:45:01 UTC] CLIENT -> SERVER: DATA

[06-Sep-2023 23:45:01 UTC] SERVER -> CLIENT: 354 End data with <CR><LF>.<CR><LF>

[06-Sep-2023 23:45:01 UTC] CLIENT -> SERVER: Date: Wed, 6 Sep 2023 23:45:00 +0000

[06-Sep-2023 23:45:01 UTC] CLIENT -> SERVER: To: =?iso-8859-1?Q?Jean_Carlos_Char=C3=A3o_Sabino?= <jeancarloscharao@gmail.com>

[06-Sep-2023 23:45:01 UTC] CLIENT -> SERVER: From: Monitor de Sites <contato@devspark.com.br>

[06-Sep-2023 23:45:01 UTC] CLIENT -> SERVER: Subject: Sites Fora do Ar

[06-Sep-2023 23:45:01 UTC] CLIENT -> SERVER: Message-ID: <VACDxLxMD0nbFh5gc48miFsHZ3vY6liMAGvIpt8EjQ@28e3027285cb>

[06-Sep-2023 23:45:01 UTC] CLIENT -> SERVER: X-Mailer: PHPMailer 6.8.1 (https://github.com/PHPMailer/PHPMailer)

[06-Sep-2023 23:45:01 UTC] CLIENT -> SERVER: MIME-Version: 1.0

[06-Sep-2023 23:45:01 UTC] CLIENT -> SERVER: Content-Type: multipart/alternative;

[06-Sep-2023 23:45:01 UTC] CLIENT -> SERVER:  boundary="b1=_VACDxLxMD0nbFh5gc48miFsHZ3vY6liMAGvIpt8EjQ"

[06-Sep-2023 23:45:01 UTC] CLIENT -> SERVER: Content-Transfer-Encoding: 8bit

[06-Sep-2023 23:45:01 UTC] CLIENT -> SERVER: 

[06-Sep-2023 23:45:01 UTC] CLIENT -> SERVER: --b1=_VACDxLxMD0nbFh5gc48miFsHZ3vY6liMAGvIpt8EjQ

[06-Sep-2023 23:45:01 UTC] CLIENT -> SERVER: Content-Type: text/plain; charset=iso-8859-1

[06-Sep-2023 23:45:01 UTC] CLIENT -> SERVER: Content-Transfer-Encoding: 8bit

[06-Sep-2023 23:45:01 UTC] CLIENT -> SERVER: 

[06-Sep-2023 23:45:01 UTC] CLIENT -> SERVER: Os seguintes sites estão fora do ar: https://polettofacas.com.br

[06-Sep-2023 23:45:01 UTC] CLIENT -> SERVER: 

[06-Sep-2023 23:45:01 UTC] CLIENT -> SERVER: --b1=_VACDxLxMD0nbFh5gc48miFsHZ3vY6liMAGvIpt8EjQ

[06-Sep-2023 23:45:01 UTC] CLIENT -> SERVER: Content-Type: text/html; charset=iso-8859-1

[06-Sep-2023 23:45:01 UTC] CLIENT -> SERVER: Content-Transfer-Encoding: 8bit

[06-Sep-2023 23:45:01 UTC] CLIENT -> SERVER: 

[06-Sep-2023 23:45:01 UTC] CLIENT -> SERVER: Os seguintes sites estão fora do ar: https://polettofacas.com.br

[06-Sep-2023 23:45:01 UTC] CLIENT -> SERVER: 

[06-Sep-2023 23:45:01 UTC] CLIENT -> SERVER: 

[06-Sep-2023 23:45:01 UTC] CLIENT -> SERVER: --b1=_VACDxLxMD0nbFh5gc48miFsHZ3vY6liMAGvIpt8EjQ--

[06-Sep-2023 23:45:01 UTC] CLIENT -> SERVER: 

[06-Sep-2023 23:45:01 UTC] CLIENT -> SERVER: .

[06-Sep-2023 23:45:01 UTC] SERVER -> CLIENT: 250 2.0.0 Ok: queued as 43A9241234B8

[06-Sep-2023 23:45:01 UTC] CLIENT -> SERVER: QUIT

[06-Sep-2023 23:45:01 UTC] SERVER -> CLIENT: 221 2.0.0 Bye

[06-Sep-2023 23:57:43 UTC] SERVER -> CLIENT: 220 v200245.minohost.com.br ESMTP Postfix

[06-Sep-2023 23:57:43 UTC] CLIENT -> SERVER: EHLO a43a80cbdde1

[06-Sep-2023 23:57:43 UTC] SERVER -> CLIENT: 250-v200245.minohost.com.br
250-PIPELINING
250-SIZE 204800000
250-ETRN
250-AUTH PLAIN LOGIN
250-AUTH=PLAIN LOGIN
250-ENHANCEDSTATUSCODES
250-8BITMIME
250-DSN
250 CHUNKING

[06-Sep-2023 23:57:43 UTC] CLIENT -> SERVER: AUTH LOGIN

[06-Sep-2023 23:57:43 UTC] SERVER -> CLIENT: 334 VXNlcm5hbWU6

[06-Sep-2023 23:57:43 UTC] CLIENT -> SERVER: [credentials hidden]
[06-Sep-2023 23:57:44 UTC] SERVER -> CLIENT: 334 UGFzc3dvcmQ6

[06-Sep-2023 23:57:44 UTC] CLIENT -> SERVER: [credentials hidden]
[06-Sep-2023 23:57:44 UTC] SERVER -> CLIENT: 235 2.7.0 Authentication successful

[06-Sep-2023 23:57:44 UTC] CLIENT -> SERVER: MAIL FROM:<contato@devspark.com.br>

[06-Sep-2023 23:57:44 UTC] SERVER -> CLIENT: 250 2.1.0 Ok

[06-Sep-2023 23:57:44 UTC] CLIENT -> SERVER: RCPT TO:<jeancarloscharao@gmail.com>

[06-Sep-2023 23:57:44 UTC] SERVER -> CLIENT: 250 2.1.5 Ok

[06-Sep-2023 23:57:44 UTC] CLIENT -> SERVER: DATA

[06-Sep-2023 23:57:44 UTC] SERVER -> CLIENT: 354 End data with <CR><LF>.<CR><LF>

[06-Sep-2023 23:57:44 UTC] CLIENT -> SERVER: Date: Wed, 6 Sep 2023 23:57:43 +0000

[06-Sep-2023 23:57:44 UTC] CLIENT -> SERVER: To: =?iso-8859-1?Q?Jean_Carlos_Char=C3=A3o_Sabino?= <jeancarloscharao@gmail.com>

[06-Sep-2023 23:57:44 UTC] CLIENT -> SERVER: From: Monitor de Sites <contato@devspark.com.br>

[06-Sep-2023 23:57:44 UTC] CLIENT -> SERVER: Subject: Sites Fora do Ar

[06-Sep-2023 23:57:44 UTC] CLIENT -> SERVER: Message-ID: <dj1eUIh0mpRJ03kAFK9N2xrcAbNmiDrsZuVdxW2OMs@a43a80cbdde1>

[06-Sep-2023 23:57:44 UTC] CLIENT -> SERVER: X-Mailer: PHPMailer 6.8.1 (https://github.com/PHPMailer/PHPMailer)

[06-Sep-2023 23:57:44 UTC] CLIENT -> SERVER: MIME-Version: 1.0

[06-Sep-2023 23:57:44 UTC] CLIENT -> SERVER: Content-Type: multipart/alternative;

[06-Sep-2023 23:57:44 UTC] CLIENT -> SERVER:  boundary="b1=_dj1eUIh0mpRJ03kAFK9N2xrcAbNmiDrsZuVdxW2OMs"

[06-Sep-2023 23:57:44 UTC] CLIENT -> SERVER: Content-Transfer-Encoding: 8bit

[06-Sep-2023 23:57:44 UTC] CLIENT -> SERVER: 

[06-Sep-2023 23:57:44 UTC] CLIENT -> SERVER: --b1=_dj1eUIh0mpRJ03kAFK9N2xrcAbNmiDrsZuVdxW2OMs

[06-Sep-2023 23:57:44 UTC] CLIENT -> SERVER: Content-Type: text/plain; charset=iso-8859-1

[06-Sep-2023 23:57:44 UTC] CLIENT -> SERVER: Content-Transfer-Encoding: 8bit

[06-Sep-2023 23:57:44 UTC] CLIENT -> SERVER: 

[06-Sep-2023 23:57:44 UTC] CLIENT -> SERVER: Os seguintes sites estão fora do ar: https://polettofacas.com.br

[06-Sep-2023 23:57:44 UTC] CLIENT -> SERVER: 

[06-Sep-2023 23:57:44 UTC] CLIENT -> SERVER: --b1=_dj1eUIh0mpRJ03kAFK9N2xrcAbNmiDrsZuVdxW2OMs

[06-Sep-2023 23:57:44 UTC] CLIENT -> SERVER: Content-Type: text/html; charset=iso-8859-1

[06-Sep-2023 23:57:44 UTC] CLIENT -> SERVER: Content-Transfer-Encoding: 8bit

[06-Sep-2023 23:57:44 UTC] CLIENT -> SERVER: 

[06-Sep-2023 23:57:44 UTC] CLIENT -> SERVER: Os seguintes sites estão fora do ar: https://polettofacas.com.br

[06-Sep-2023 23:57:44 UTC] CLIENT -> SERVER: 

[06-Sep-2023 23:57:44 UTC] CLIENT -> SERVER: 

[06-Sep-2023 23:57:44 UTC] CLIENT -> SERVER: --b1=_dj1eUIh0mpRJ03kAFK9N2xrcAbNmiDrsZuVdxW2OMs--

[06-Sep-2023 23:57:44 UTC] CLIENT -> SERVER: 

[06-Sep-2023 23:57:44 UTC] CLIENT -> SERVER: .

[06-Sep-2023 23:57:44 UTC] SERVER -> CLIENT: 250 2.0.0 Ok: queued as 5433D41234B8

[06-Sep-2023 23:57:44 UTC] CLIENT -> SERVER: QUIT

[06-Sep-2023 23:57:44 UTC] SERVER -> CLIENT: 221 2.0.0 Bye

[07-Sep-2023 00:27:18 UTC] SERVER -> CLIENT: 220 v200245.minohost.com.br ESMTP Postfix

[07-Sep-2023 00:27:18 UTC] CLIENT -> SERVER: EHLO f8d0c8447228

[07-Sep-2023 00:27:18 UTC] SERVER -> CLIENT: 250-v200245.minohost.com.br
250-PIPELINING
250-SIZE 204800000
250-ETRN
250-AUTH PLAIN LOGIN
250-AUTH=PLAIN LOGIN
250-ENHANCEDSTATUSCODES
250-8BITMIME
250-DSN
250 CHUNKING

[07-Sep-2023 00:27:18 UTC] CLIENT -> SERVER: AUTH LOGIN

[07-Sep-2023 00:27:18 UTC] SERVER -> CLIENT: 334 VXNlcm5hbWU6

[07-Sep-2023 00:27:18 UTC] CLIENT -> SERVER: [credentials hidden]
[07-Sep-2023 00:27:18 UTC] SERVER -> CLIENT: 334 UGFzc3dvcmQ6

[07-Sep-2023 00:27:18 UTC] CLIENT -> SERVER: [credentials hidden]
[07-Sep-2023 00:27:19 UTC] SERVER -> CLIENT: 235 2.7.0 Authentication successful

[07-Sep-2023 00:27:19 UTC] CLIENT -> SERVER: MAIL FROM:<contato@devspark.com.br>

[07-Sep-2023 00:27:19 UTC] SERVER -> CLIENT: 250 2.1.0 Ok

[07-Sep-2023 00:27:19 UTC] CLIENT -> SERVER: RCPT TO:<jeancarloscharao@gmail.com>

[07-Sep-2023 00:27:19 UTC] SERVER -> CLIENT: 250 2.1.5 Ok

[07-Sep-2023 00:27:19 UTC] CLIENT -> SERVER: DATA

[07-Sep-2023 00:27:19 UTC] SERVER -> CLIENT: 354 End data with <CR><LF>.<CR><LF>

[07-Sep-2023 00:27:19 UTC] CLIENT -> SERVER: Date: Thu, 7 Sep 2023 00:27:18 +0000

[07-Sep-2023 00:27:19 UTC] CLIENT -> SERVER: To: =?iso-8859-1?Q?Jean_Carlos_Char=C3=A3o_Sabino?= <jeancarloscharao@gmail.com>

[07-Sep-2023 00:27:19 UTC] CLIENT -> SERVER: From: Monitor de Sites <contato@devspark.com.br>

[07-Sep-2023 00:27:19 UTC] CLIENT -> SERVER: Subject: Sites Fora do Ar

[07-Sep-2023 00:27:19 UTC] CLIENT -> SERVER: Message-ID: <G8uKz6Eo6RZyslF7BFnzS75DuTX85BGp1XtAYQgVFs@f8d0c8447228>

[07-Sep-2023 00:27:19 UTC] CLIENT -> SERVER: X-Mailer: PHPMailer 6.8.1 (https://github.com/PHPMailer/PHPMailer)

[07-Sep-2023 00:27:19 UTC] CLIENT -> SERVER: MIME-Version: 1.0

[07-Sep-2023 00:27:19 UTC] CLIENT -> SERVER: Content-Type: multipart/alternative;

[07-Sep-2023 00:27:19 UTC] CLIENT -> SERVER:  boundary="b1=_G8uKz6Eo6RZyslF7BFnzS75DuTX85BGp1XtAYQgVFs"

[07-Sep-2023 00:27:19 UTC] CLIENT -> SERVER: Content-Transfer-Encoding: 8bit

[07-Sep-2023 00:27:19 UTC] CLIENT -> SERVER: 

[07-Sep-2023 00:27:19 UTC] CLIENT -> SERVER: --b1=_G8uKz6Eo6RZyslF7BFnzS75DuTX85BGp1XtAYQgVFs

[07-Sep-2023 00:27:19 UTC] CLIENT -> SERVER: Content-Type: text/plain; charset=iso-8859-1

[07-Sep-2023 00:27:19 UTC] CLIENT -> SERVER: Content-Transfer-Encoding: 8bit

[07-Sep-2023 00:27:19 UTC] CLIENT -> SERVER: 

[07-Sep-2023 00:27:19 UTC] CLIENT -> SERVER: Os seguintes sites estão fora do ar: https://polettofacas.com.br

[07-Sep-2023 00:27:19 UTC] CLIENT -> SERVER: 

[07-Sep-2023 00:27:19 UTC] CLIENT -> SERVER: --b1=_G8uKz6Eo6RZyslF7BFnzS75DuTX85BGp1XtAYQgVFs

[07-Sep-2023 00:27:19 UTC] CLIENT -> SERVER: Content-Type: text/html; charset=iso-8859-1

[07-Sep-2023 00:27:19 UTC] CLIENT -> SERVER: Content-Transfer-Encoding: 8bit

[07-Sep-2023 00:27:19 UTC] CLIENT -> SERVER: 

[07-Sep-2023 00:27:19 UTC] CLIENT -> SERVER: Os seguintes sites estão fora do ar: https://polettofacas.com.br

[07-Sep-2023 00:27:19 UTC] CLIENT -> SERVER: 

[07-Sep-2023 00:27:19 UTC] CLIENT -> SERVER: 

[07-Sep-2023 00:27:19 UTC] CLIENT -> SERVER: --b1=_G8uKz6Eo6RZyslF7BFnzS75DuTX85BGp1XtAYQgVFs--

[07-Sep-2023 00:27:19 UTC] CLIENT -> SERVER: 

[07-Sep-2023 00:27:19 UTC] CLIENT -> SERVER: .

[07-Sep-2023 00:27:19 UTC] SERVER -> CLIENT: 250 2.0.0 Ok: queued as 3ED4C41234B8

[07-Sep-2023 00:27:19 UTC] CLIENT -> SERVER: QUIT

[07-Sep-2023 00:27:19 UTC] SERVER -> CLIENT: 221 2.0.0 Bye

[07-Sep-2023 00:27:28 UTC] SERVER -> CLIENT: 220 v200245.minohost.com.br ESMTP Postfix

[07-Sep-2023 00:27:28 UTC] CLIENT -> SERVER: EHLO f8d0c8447228

[07-Sep-2023 00:27:28 UTC] SERVER -> CLIENT: 250-v200245.minohost.com.br
250-PIPELINING
250-SIZE 204800000
250-ETRN
250-AUTH PLAIN LOGIN
250-AUTH=PLAIN LOGIN
250-ENHANCEDSTATUSCODES
250-8BITMIME
250-DSN
250 CHUNKING

[07-Sep-2023 00:27:28 UTC] CLIENT -> SERVER: AUTH LOGIN

[07-Sep-2023 00:27:28 UTC] SERVER -> CLIENT: 334 VXNlcm5hbWU6

[07-Sep-2023 00:27:28 UTC] CLIENT -> SERVER: [credentials hidden]
[07-Sep-2023 00:27:28 UTC] SERVER -> CLIENT: 334 UGFzc3dvcmQ6

[07-Sep-2023 00:27:28 UTC] CLIENT -> SERVER: [credentials hidden]
[07-Sep-2023 00:27:28 UTC] SERVER -> CLIENT: 235 2.7.0 Authentication successful

[07-Sep-2023 00:27:28 UTC] CLIENT -> SERVER: MAIL FROM:<contato@devspark.com.br>

[07-Sep-2023 00:27:28 UTC] SERVER -> CLIENT: 250 2.1.0 Ok

[07-Sep-2023 00:27:28 UTC] CLIENT -> SERVER: RCPT TO:<jeancarloscharao@gmail.com>

[07-Sep-2023 00:27:28 UTC] SERVER -> CLIENT: 250 2.1.5 Ok

[07-Sep-2023 00:27:28 UTC] CLIENT -> SERVER: DATA

[07-Sep-2023 00:27:28 UTC] SERVER -> CLIENT: 354 End data with <CR><LF>.<CR><LF>

[07-Sep-2023 00:27:28 UTC] CLIENT -> SERVER: Date: Thu, 7 Sep 2023 00:27:28 +0000

[07-Sep-2023 00:27:28 UTC] CLIENT -> SERVER: To: =?iso-8859-1?Q?Jean_Carlos_Char=C3=A3o_Sabino?= <jeancarloscharao@gmail.com>

[07-Sep-2023 00:27:28 UTC] CLIENT -> SERVER: From: Monitor de Sites <contato@devspark.com.br>

[07-Sep-2023 00:27:28 UTC] CLIENT -> SERVER: Subject: Sites Fora do Ar

[07-Sep-2023 00:27:28 UTC] CLIENT -> SERVER: Message-ID: <msBNTtqF80LIZKOEkHCwRnXayrXNIvdbDOEGuT5zBw@f8d0c8447228>

[07-Sep-2023 00:27:28 UTC] CLIENT -> SERVER: X-Mailer: PHPMailer 6.8.1 (https://github.com/PHPMailer/PHPMailer)

[07-Sep-2023 00:27:28 UTC] CLIENT -> SERVER: MIME-Version: 1.0

[07-Sep-2023 00:27:28 UTC] CLIENT -> SERVER: Content-Type: multipart/alternative;

[07-Sep-2023 00:27:28 UTC] CLIENT -> SERVER:  boundary="b1=_msBNTtqF80LIZKOEkHCwRnXayrXNIvdbDOEGuT5zBw"

[07-Sep-2023 00:27:28 UTC] CLIENT -> SERVER: Content-Transfer-Encoding: 8bit

[07-Sep-2023 00:27:28 UTC] CLIENT -> SERVER: 

[07-Sep-2023 00:27:28 UTC] CLIENT -> SERVER: --b1=_msBNTtqF80LIZKOEkHCwRnXayrXNIvdbDOEGuT5zBw

[07-Sep-2023 00:27:28 UTC] CLIENT -> SERVER: Content-Type: text/plain; charset=iso-8859-1

[07-Sep-2023 00:27:28 UTC] CLIENT -> SERVER: Content-Transfer-Encoding: 8bit

[07-Sep-2023 00:27:28 UTC] CLIENT -> SERVER: 

[07-Sep-2023 00:27:28 UTC] CLIENT -> SERVER: Os seguintes sites estão fora do ar: https://polettofacas.com.br

[07-Sep-2023 00:27:28 UTC] CLIENT -> SERVER: 

[07-Sep-2023 00:27:28 UTC] CLIENT -> SERVER: --b1=_msBNTtqF80LIZKOEkHCwRnXayrXNIvdbDOEGuT5zBw

[07-Sep-2023 00:27:28 UTC] CLIENT -> SERVER: Content-Type: text/html; charset=iso-8859-1

[07-Sep-2023 00:27:28 UTC] CLIENT -> SERVER: Content-Transfer-Encoding: 8bit

[07-Sep-2023 00:27:28 UTC] CLIENT -> SERVER: 

[07-Sep-2023 00:27:28 UTC] CLIENT -> SERVER: Os seguintes sites estão fora do ar: https://polettofacas.com.br

[07-Sep-2023 00:27:28 UTC] CLIENT -> SERVER: 

[07-Sep-2023 00:27:28 UTC] CLIENT -> SERVER: 

[07-Sep-2023 00:27:28 UTC] CLIENT -> SERVER: --b1=_msBNTtqF80LIZKOEkHCwRnXayrXNIvdbDOEGuT5zBw--

[07-Sep-2023 00:27:28 UTC] CLIENT -> SERVER: 

[07-Sep-2023 00:27:28 UTC] CLIENT -> SERVER: .

[07-Sep-2023 00:27:29 UTC] SERVER -> CLIENT: 250 2.0.0 Ok: queued as E908341234B3

[07-Sep-2023 00:27:29 UTC] CLIENT -> SERVER: QUIT

[07-Sep-2023 00:27:29 UTC] SERVER -> CLIENT: 221 2.0.0 Bye

[07-Sep-2023 00:34:51 UTC] SERVER -> CLIENT: 220 v200245.minohost.com.br ESMTP Postfix

[07-Sep-2023 00:34:51 UTC] CLIENT -> SERVER: EHLO 42ff4af71787

[07-Sep-2023 00:34:51 UTC] SERVER -> CLIENT: 250-v200245.minohost.com.br
250-PIPELINING
250-SIZE 204800000
250-ETRN
250-AUTH PLAIN LOGIN
250-AUTH=PLAIN LOGIN
250-ENHANCEDSTATUSCODES
250-8BITMIME
250-DSN
250 CHUNKING

[07-Sep-2023 00:34:51 UTC] CLIENT -> SERVER: AUTH LOGIN

[07-Sep-2023 00:34:51 UTC] SERVER -> CLIENT: 334 VXNlcm5hbWU6

[07-Sep-2023 00:34:51 UTC] CLIENT -> SERVER: [credentials hidden]
[07-Sep-2023 00:34:51 UTC] SERVER -> CLIENT: 334 UGFzc3dvcmQ6

[07-Sep-2023 00:34:51 UTC] CLIENT -> SERVER: [credentials hidden]
[07-Sep-2023 00:34:51 UTC] SERVER -> CLIENT: 235 2.7.0 Authentication successful

[07-Sep-2023 00:34:51 UTC] CLIENT -> SERVER: MAIL FROM:<contato@devspark.com.br>

[07-Sep-2023 00:34:51 UTC] SERVER -> CLIENT: 250 2.1.0 Ok

[07-Sep-2023 00:34:51 UTC] CLIENT -> SERVER: RCPT TO:<jeancarloscharao@gmail.com>

[07-Sep-2023 00:34:51 UTC] SERVER -> CLIENT: 250 2.1.5 Ok

[07-Sep-2023 00:34:51 UTC] CLIENT -> SERVER: DATA

[07-Sep-2023 00:34:51 UTC] SERVER -> CLIENT: 354 End data with <CR><LF>.<CR><LF>

[07-Sep-2023 00:34:51 UTC] CLIENT -> SERVER: Date: Thu, 7 Sep 2023 00:34:51 +0000

[07-Sep-2023 00:34:51 UTC] CLIENT -> SERVER: To: =?iso-8859-1?Q?Jean_Carlos_Char=C3=A3o_Sabino?= <jeancarloscharao@gmail.com>

[07-Sep-2023 00:34:51 UTC] CLIENT -> SERVER: From: Monitor de Sites <contato@devspark.com.br>

[07-Sep-2023 00:34:51 UTC] CLIENT -> SERVER: Subject: Sites Fora do Ar

[07-Sep-2023 00:34:51 UTC] CLIENT -> SERVER: Message-ID: <ajt43G4QQUIZsCyNL0B48szWCj5A9PxvGKbnMJt74DY@42ff4af71787>

[07-Sep-2023 00:34:51 UTC] CLIENT -> SERVER: X-Mailer: PHPMailer 6.8.1 (https://github.com/PHPMailer/PHPMailer)

[07-Sep-2023 00:34:51 UTC] CLIENT -> SERVER: MIME-Version: 1.0

[07-Sep-2023 00:34:51 UTC] CLIENT -> SERVER: Content-Type: multipart/alternative;

[07-Sep-2023 00:34:51 UTC] CLIENT -> SERVER:  boundary="b1=_ajt43G4QQUIZsCyNL0B48szWCj5A9PxvGKbnMJt74DY"

[07-Sep-2023 00:34:51 UTC] CLIENT -> SERVER: Content-Transfer-Encoding: 8bit

[07-Sep-2023 00:34:51 UTC] CLIENT -> SERVER: 

[07-Sep-2023 00:34:51 UTC] CLIENT -> SERVER: --b1=_ajt43G4QQUIZsCyNL0B48szWCj5A9PxvGKbnMJt74DY

[07-Sep-2023 00:34:51 UTC] CLIENT -> SERVER: Content-Type: text/plain; charset=iso-8859-1

[07-Sep-2023 00:34:51 UTC] CLIENT -> SERVER: Content-Transfer-Encoding: 8bit

[07-Sep-2023 00:34:51 UTC] CLIENT -> SERVER: 

[07-Sep-2023 00:34:51 UTC] CLIENT -> SERVER: Os seguintes sites estão fora do ar: https://polettofacas.com.br

[07-Sep-2023 00:34:51 UTC] CLIENT -> SERVER: 

[07-Sep-2023 00:34:51 UTC] CLIENT -> SERVER: --b1=_ajt43G4QQUIZsCyNL0B48szWCj5A9PxvGKbnMJt74DY

[07-Sep-2023 00:34:51 UTC] CLIENT -> SERVER: Content-Type: text/html; charset=iso-8859-1

[07-Sep-2023 00:34:51 UTC] CLIENT -> SERVER: Content-Transfer-Encoding: 8bit

[07-Sep-2023 00:34:51 UTC] CLIENT -> SERVER: 

[07-Sep-2023 00:34:51 UTC] CLIENT -> SERVER: Os seguintes sites estão fora do ar: https://polettofacas.com.br

[07-Sep-2023 00:34:51 UTC] CLIENT -> SERVER: 

[07-Sep-2023 00:34:51 UTC] CLIENT -> SERVER: 

[07-Sep-2023 00:34:51 UTC] CLIENT -> SERVER: --b1=_ajt43G4QQUIZsCyNL0B48szWCj5A9PxvGKbnMJt74DY--

[07-Sep-2023 00:34:51 UTC] CLIENT -> SERVER: 

[07-Sep-2023 00:34:51 UTC] CLIENT -> SERVER: .

[07-Sep-2023 00:34:51 UTC] SERVER -> CLIENT: 250 2.0.0 Ok: queued as D58D041234B8

[07-Sep-2023 00:34:51 UTC] CLIENT -> SERVER: QUIT

[07-Sep-2023 00:34:51 UTC] SERVER -> CLIENT: 221 2.0.0 Bye

[07-Sep-2023 00:38:43 UTC] SERVER -> CLIENT: 220 v200245.minohost.com.br ESMTP Postfix

[07-Sep-2023 00:38:43 UTC] CLIENT -> SERVER: EHLO 42ff4af71787

[07-Sep-2023 00:38:43 UTC] SERVER -> CLIENT: 250-v200245.minohost.com.br
250-PIPELINING
250-SIZE 204800000
250-ETRN
250-AUTH PLAIN LOGIN
250-AUTH=PLAIN LOGIN
250-ENHANCEDSTATUSCODES
250-8BITMIME
250-DSN
250 CHUNKING

[07-Sep-2023 00:38:43 UTC] CLIENT -> SERVER: AUTH LOGIN

[07-Sep-2023 00:38:43 UTC] SERVER -> CLIENT: 334 VXNlcm5hbWU6

[07-Sep-2023 00:38:43 UTC] CLIENT -> SERVER: [credentials hidden]
[07-Sep-2023 00:38:43 UTC] SERVER -> CLIENT: 334 UGFzc3dvcmQ6

[07-Sep-2023 00:38:43 UTC] CLIENT -> SERVER: [credentials hidden]
[07-Sep-2023 00:38:43 UTC] SERVER -> CLIENT: 235 2.7.0 Authentication successful

[07-Sep-2023 00:38:43 UTC] CLIENT -> SERVER: MAIL FROM:<contato@devspark.com.br>

[07-Sep-2023 00:38:43 UTC] SERVER -> CLIENT: 250 2.1.0 Ok

[07-Sep-2023 00:38:43 UTC] CLIENT -> SERVER: RCPT TO:<jeancarloscharao@gmail.com>

[07-Sep-2023 00:38:43 UTC] SERVER -> CLIENT: 250 2.1.5 Ok

[07-Sep-2023 00:38:43 UTC] CLIENT -> SERVER: DATA

[07-Sep-2023 00:38:43 UTC] SERVER -> CLIENT: 354 End data with <CR><LF>.<CR><LF>

[07-Sep-2023 00:38:43 UTC] CLIENT -> SERVER: Date: Thu, 7 Sep 2023 00:38:42 +0000

[07-Sep-2023 00:38:43 UTC] CLIENT -> SERVER: To: =?iso-8859-1?Q?Jean_Carlos_Char=C3=A3o_Sabino?= <jeancarloscharao@gmail.com>

[07-Sep-2023 00:38:43 UTC] CLIENT -> SERVER: From: Monitor de Sites <contato@devspark.com.br>

[07-Sep-2023 00:38:43 UTC] CLIENT -> SERVER: Subject: Sites Fora do Ar

[07-Sep-2023 00:38:43 UTC] CLIENT -> SERVER: Message-ID: <sKTW12oImJ87wWCYeC47MnmhWi0mRr6FMeKAUFRCmY@42ff4af71787>

[07-Sep-2023 00:38:43 UTC] CLIENT -> SERVER: X-Mailer: PHPMailer 6.8.1 (https://github.com/PHPMailer/PHPMailer)

[07-Sep-2023 00:38:43 UTC] CLIENT -> SERVER: MIME-Version: 1.0

[07-Sep-2023 00:38:43 UTC] CLIENT -> SERVER: Content-Type: multipart/alternative;

[07-Sep-2023 00:38:43 UTC] CLIENT -> SERVER:  boundary="b1=_sKTW12oImJ87wWCYeC47MnmhWi0mRr6FMeKAUFRCmY"

[07-Sep-2023 00:38:43 UTC] CLIENT -> SERVER: Content-Transfer-Encoding: 8bit

[07-Sep-2023 00:38:43 UTC] CLIENT -> SERVER: 

[07-Sep-2023 00:38:43 UTC] CLIENT -> SERVER: --b1=_sKTW12oImJ87wWCYeC47MnmhWi0mRr6FMeKAUFRCmY

[07-Sep-2023 00:38:43 UTC] CLIENT -> SERVER: Content-Type: text/plain; charset=iso-8859-1

[07-Sep-2023 00:38:43 UTC] CLIENT -> SERVER: Content-Transfer-Encoding: 8bit

[07-Sep-2023 00:38:43 UTC] CLIENT -> SERVER: 

[07-Sep-2023 00:38:43 UTC] CLIENT -> SERVER: Os seguintes sites estão fora do ar: https://polettofacas.com.br

[07-Sep-2023 00:38:43 UTC] CLIENT -> SERVER: 

[07-Sep-2023 00:38:43 UTC] CLIENT -> SERVER: --b1=_sKTW12oImJ87wWCYeC47MnmhWi0mRr6FMeKAUFRCmY

[07-Sep-2023 00:38:43 UTC] CLIENT -> SERVER: Content-Type: text/html; charset=iso-8859-1

[07-Sep-2023 00:38:43 UTC] CLIENT -> SERVER: Content-Transfer-Encoding: 8bit

[07-Sep-2023 00:38:43 UTC] CLIENT -> SERVER: 

[07-Sep-2023 00:38:43 UTC] CLIENT -> SERVER: Os seguintes sites estão fora do ar: https://polettofacas.com.br

[07-Sep-2023 00:38:43 UTC] CLIENT -> SERVER: 

[07-Sep-2023 00:38:43 UTC] CLIENT -> SERVER: 

[07-Sep-2023 00:38:43 UTC] CLIENT -> SERVER: --b1=_sKTW12oImJ87wWCYeC47MnmhWi0mRr6FMeKAUFRCmY--

[07-Sep-2023 00:38:43 UTC] CLIENT -> SERVER: 

[07-Sep-2023 00:38:43 UTC] CLIENT -> SERVER: .

[07-Sep-2023 00:38:43 UTC] SERVER -> CLIENT: 250 2.0.0 Ok: queued as 7189D41234B3

[07-Sep-2023 00:38:43 UTC] CLIENT -> SERVER: QUIT

[07-Sep-2023 00:38:43 UTC] SERVER -> CLIENT: 221 2.0.0 Bye

[07-Sep-2023 00:40:35 UTC] SERVER -> CLIENT: 220 v200245.minohost.com.br ESMTP Postfix

[07-Sep-2023 00:40:35 UTC] CLIENT -> SERVER: EHLO 42ff4af71787

[07-Sep-2023 00:40:35 UTC] SERVER -> CLIENT: 250-v200245.minohost.com.br
250-PIPELINING
250-SIZE 204800000
250-ETRN
250-AUTH PLAIN LOGIN
250-AUTH=PLAIN LOGIN
250-ENHANCEDSTATUSCODES
250-8BITMIME
250-DSN
250 CHUNKING

[07-Sep-2023 00:40:35 UTC] CLIENT -> SERVER: AUTH LOGIN

[07-Sep-2023 00:40:35 UTC] SERVER -> CLIENT: 334 VXNlcm5hbWU6

[07-Sep-2023 00:40:35 UTC] CLIENT -> SERVER: [credentials hidden]
[07-Sep-2023 00:40:35 UTC] SERVER -> CLIENT: 334 UGFzc3dvcmQ6

[07-Sep-2023 00:40:35 UTC] CLIENT -> SERVER: [credentials hidden]
[07-Sep-2023 00:40:35 UTC] SERVER -> CLIENT: 235 2.7.0 Authentication successful

[07-Sep-2023 00:40:35 UTC] CLIENT -> SERVER: MAIL FROM:<contato@devspark.com.br>

[07-Sep-2023 00:40:35 UTC] SERVER -> CLIENT: 250 2.1.0 Ok

[07-Sep-2023 00:40:35 UTC] CLIENT -> SERVER: RCPT TO:<jeancarloscharao@gmail.com>

[07-Sep-2023 00:40:35 UTC] SERVER -> CLIENT: 250 2.1.5 Ok

[07-Sep-2023 00:40:35 UTC] CLIENT -> SERVER: DATA

[07-Sep-2023 00:40:35 UTC] SERVER -> CLIENT: 354 End data with <CR><LF>.<CR><LF>

[07-Sep-2023 00:40:35 UTC] CLIENT -> SERVER: Date: Thu, 7 Sep 2023 00:40:34 +0000

[07-Sep-2023 00:40:35 UTC] CLIENT -> SERVER: To: =?iso-8859-1?Q?Jean_Carlos_Char=C3=A3o_Sabino?= <jeancarloscharao@gmail.com>

[07-Sep-2023 00:40:35 UTC] CLIENT -> SERVER: From: Monitor de Sites <contato@devspark.com.br>

[07-Sep-2023 00:40:35 UTC] CLIENT -> SERVER: Subject: Sites Fora do Ar

[07-Sep-2023 00:40:35 UTC] CLIENT -> SERVER: Message-ID: <gyu3dQGhfmBv7sodgJNiInDe3hVWhLNSB5ihwnYe1M@42ff4af71787>

[07-Sep-2023 00:40:35 UTC] CLIENT -> SERVER: X-Mailer: PHPMailer 6.8.1 (https://github.com/PHPMailer/PHPMailer)

[07-Sep-2023 00:40:35 UTC] CLIENT -> SERVER: MIME-Version: 1.0

[07-Sep-2023 00:40:35 UTC] CLIENT -> SERVER: Content-Type: multipart/alternative;

[07-Sep-2023 00:40:35 UTC] CLIENT -> SERVER:  boundary="b1=_gyu3dQGhfmBv7sodgJNiInDe3hVWhLNSB5ihwnYe1M"

[07-Sep-2023 00:40:35 UTC] CLIENT -> SERVER: Content-Transfer-Encoding: 8bit

[07-Sep-2023 00:40:35 UTC] CLIENT -> SERVER: 

[07-Sep-2023 00:40:35 UTC] CLIENT -> SERVER: --b1=_gyu3dQGhfmBv7sodgJNiInDe3hVWhLNSB5ihwnYe1M

[07-Sep-2023 00:40:35 UTC] CLIENT -> SERVER: Content-Type: text/plain; charset=iso-8859-1

[07-Sep-2023 00:40:35 UTC] CLIENT -> SERVER: Content-Transfer-Encoding: 8bit

[07-Sep-2023 00:40:35 UTC] CLIENT -> SERVER: 

[07-Sep-2023 00:40:35 UTC] CLIENT -> SERVER: Os seguintes sites estão fora do ar: https://polettofacas.com.br

[07-Sep-2023 00:40:35 UTC] CLIENT -> SERVER: 

[07-Sep-2023 00:40:35 UTC] CLIENT -> SERVER: --b1=_gyu3dQGhfmBv7sodgJNiInDe3hVWhLNSB5ihwnYe1M

[07-Sep-2023 00:40:35 UTC] CLIENT -> SERVER: Content-Type: text/html; charset=iso-8859-1

[07-Sep-2023 00:40:35 UTC] CLIENT -> SERVER: Content-Transfer-Encoding: 8bit

[07-Sep-2023 00:40:35 UTC] CLIENT -> SERVER: 

[07-Sep-2023 00:40:35 UTC] CLIENT -> SERVER: Os seguintes sites estão fora do ar: https://polettofacas.com.br

[07-Sep-2023 00:40:35 UTC] CLIENT -> SERVER: 

[07-Sep-2023 00:40:35 UTC] CLIENT -> SERVER: 

[07-Sep-2023 00:40:35 UTC] CLIENT -> SERVER: --b1=_gyu3dQGhfmBv7sodgJNiInDe3hVWhLNSB5ihwnYe1M--

[07-Sep-2023 00:40:35 UTC] CLIENT -> SERVER: 

[07-Sep-2023 00:40:35 UTC] CLIENT -> SERVER: .

[07-Sep-2023 00:40:35 UTC] SERVER -> CLIENT: 250 2.0.0 Ok: queued as A3BDF41234B8

[07-Sep-2023 00:40:35 UTC] CLIENT -> SERVER: QUIT

[07-Sep-2023 00:40:35 UTC] SERVER -> CLIENT: 221 2.0.0 Bye

